10/07/2024 03:08:34 PM - WDM - INFO - ====== WebDriver manager ======
10/07/2024 03:08:35 PM - WDM - INFO - Get LATEST chromedriver version for google-chrome
10/07/2024 03:08:35 PM - WDM - INFO - Get LATEST chromedriver version for google-chrome
10/07/2024 03:08:35 PM - WDM - INFO - Driver [/Users/rudrapratapsingh/.wdm/drivers/chromedriver/mac64/129.0.6668.89/chromedriver-mac-x64/chromedriver] found in cache
10/07/2024 03:08:40 PM - root - INFO - **************TC001_title is started****************
10/07/2024 03:08:44 PM - root - INFO - **************TC001_title is finished***************
10/07/2024 03:08:44 PM - WDM - INFO - ====== WebDriver manager ======
10/07/2024 03:08:44 PM - WDM - INFO - Get LATEST chromedriver version for google-chrome
10/07/2024 03:08:44 PM - WDM - INFO - Get LATEST chromedriver version for google-chrome
10/07/2024 03:08:44 PM - WDM - INFO - Driver [/Users/rudrapratapsingh/.wdm/drivers/chromedriver/mac64/129.0.6668.89/chromedriver-mac-x64/chromedriver] found in cache
10/07/2024 03:08:47 PM - root - INFO - **************TC002_capture_confirmation_modal_screenshot is started**************
10/07/2024 03:08:52 PM - root - INFO - **************TC002_capture_confirmation_modal_screenshot is finished**************
10/07/2024 03:08:52 PM - WDM - INFO - ====== WebDriver manager ======
10/07/2024 03:08:52 PM - WDM - INFO - Get LATEST chromedriver version for google-chrome
10/07/2024 03:08:53 PM - WDM - INFO - Get LATEST chromedriver version for google-chrome
10/07/2024 03:08:53 PM - WDM - INFO - Driver [/Users/rudrapratapsingh/.wdm/drivers/chromedriver/mac64/129.0.6668.89/chromedriver-mac-x64/chromedriver] found in cache
10/07/2024 03:08:55 PM - root - INFO - **************TC003_verify_document_signed**************
10/07/2024 03:09:01 PM - root - INFO - **************TC003_verify_document_signed is finished**************
10/07/2024 03:09:48 PM - WDM - INFO - ====== WebDriver manager ======
10/07/2024 03:09:49 PM - WDM - INFO - Get LATEST geckodriver version for 129.0 firefox
10/07/2024 03:09:49 PM - WDM - INFO - Get LATEST geckodriver version for 129.0 firefox
10/07/2024 03:09:49 PM - WDM - INFO - Driver [/Users/rudrapratapsingh/.wdm/drivers/geckodriver/mac64/v0.35.0/geckodriver] found in cache
10/07/2024 03:09:53 PM - root - INFO - **************TC001_title is started****************
10/07/2024 03:09:57 PM - root - INFO - **************TC001_title is finished***************
10/07/2024 03:09:58 PM - WDM - INFO - ====== WebDriver manager ======
10/07/2024 03:09:59 PM - WDM - INFO - Get LATEST geckodriver version for 129.0 firefox
10/07/2024 03:09:59 PM - WDM - INFO - Get LATEST geckodriver version for 129.0 firefox
10/07/2024 03:09:59 PM - WDM - INFO - Driver [/Users/rudrapratapsingh/.wdm/drivers/geckodriver/mac64/v0.35.0/geckodriver] found in cache
10/07/2024 03:10:03 PM - root - INFO - **************TC002_capture_confirmation_modal_screenshot is started**************
10/07/2024 03:10:08 PM - root - INFO - **************TC002_capture_confirmation_modal_screenshot is finished**************
10/07/2024 03:10:09 PM - WDM - INFO - ====== WebDriver manager ======
10/07/2024 03:10:09 PM - WDM - INFO - Get LATEST geckodriver version for 129.0 firefox
10/07/2024 03:10:10 PM - WDM - INFO - Get LATEST geckodriver version for 129.0 firefox
10/07/2024 03:10:10 PM - WDM - INFO - Driver [/Users/rudrapratapsingh/.wdm/drivers/geckodriver/mac64/v0.35.0/geckodriver] found in cache
10/07/2024 03:10:14 PM - root - INFO - **************TC003_verify_document_signed**************
10/07/2024 03:10:21 PM - root - INFO - **************TC003_verify_document_signed is finished**************
